<?xml version="1.0" encoding="UTF-8"?>
<!-- Generated by org.testng.reporters.JUnitReportReporter -->
<testsuite hostname="lenovo" failures="0" tests="1" name="testpkg.Logintest" time="30.469" errors="0" timestamp="2024-05-02T14:18:50 IST" skipped="0">
  <testcase classname="testpkg.Logintest" name="testlogin" time="30.469"/>
</testsuite> <!-- testpkg.Logintest -->
