<?xml version="1.0" encoding="UTF-8"?>
<!-- Generated by org.testng.reporters.JUnitReportReporter -->
<testsuite hostname="lenovo" failures="0" tests="1" name="testpkg.Categorytest" time="31.636" errors="0" timestamp="2024-05-02T15:39:22 IST" skipped="0">
  <testcase classname="testpkg.Categorytest" name="test1login" time="31.636"/>
</testsuite> <!-- testpkg.Categorytest -->
